[ 2016-03-16T09:45:47+08:00 ] 127.0.0.1 /Application/Index/View/Public/images/companylogo.png
INFO: [ app_init ] --START--
INFO: Run Behavior\BuildLiteBehavior [ RunTime:0.000012s ]
INFO: [ app_init ] --END-- [ RunTime:0.000242s ]

[ 2016-03-16T09:46:32+08:00 ] 127.0.0.1 /Home/Index/index
INFO: [ app_init ] --START--
INFO: Run Behavior\BuildLiteBehavior [ RunTime:0.000022s ]
INFO: [ app_init ] --END-- [ RunTime:0.000284s ]
INFO: [ app_begin ] --START--
INFO: Run Behavior\ReadHtmlCacheBehavior [ RunTime:0.000295s ]
INFO: [ app_begin ] --END-- [ RunTime:0.000327s ]
SQL: SHOW COLUMNS FROM `zmu_notice` [ RunTime:0.0023s ]
SQL: SELECT * FROM `zmu_notice` ORDER BY time DESC LIMIT 6   [ RunTime:0.0008s ]
SQL: SHOW COLUMNS FROM `zmu_student` [ RunTime:0.0016s ]
SQL: SELECT * FROM `zmu_student` WHERE `studyno` = '1611013467' LIMIT 1   [ RunTime:0.0005s ]
SQL: SHOW COLUMNS FROM `zmu_certificate` [ RunTime:0.0016s ]
SQL: SELECT * FROM `zmu_certificate` WHERE `studyno` = '1611013467'  [ RunTime:0.0004s ]
SQL: SHOW COLUMNS FROM `zmu_funding` [ RunTime:0.0012s ]
SQL: SELECT * FROM `zmu_funding` WHERE `studyno` = '1611013467'  [ RunTime:0.0003s ]
SQL: SHOW COLUMNS FROM `zmu_scholarship` [ RunTime:0.0017s ]
SQL: SELECT * FROM `zmu_scholarship` WHERE `studyno` = '1611013467'  [ RunTime:0.0004s ]
SQL: SHOW COLUMNS FROM `zmu_attendance` [ RunTime:0.0028s ]
SQL: SELECT * FROM `zmu_attendance` WHERE `studyno` = '1611013467' AND `status` <> 0  [ RunTime:0.0004s ]
SQL: SHOW COLUMNS FROM `zmu_leave` [ RunTime:0.0011s ]
SQL: SELECT * FROM `zmu_leave` WHERE `studyno` = '1611013467' ORDER BY time DESC LIMIT 6   [ RunTime:0.0004s ]
INFO: [ view_parse ] --START--
INFO: [ template_filter ] --START--
INFO: Run Behavior\ContentReplaceBehavior [ RunTime:0.000057s ]
INFO: [ template_filter ] --END-- [ RunTime:0.000099s ]
NOTIC: [8] Undefined index: name /Users/cyh/Desktop/zmu/Application/Runtime/Cache/Home/2a94b8bda04ff446dcedd42276fc99ee.php 第 314 行.
INFO: Run Behavior\ParseTemplateBehavior [ RunTime:0.023221s ]
INFO: [ view_parse ] --END-- [ RunTime:0.023258s ]
INFO: [ view_filter ] --START--
INFO: Run Behavior\WriteHtmlCacheBehavior [ RunTime:0.000137s ]
INFO: [ view_filter ] --END-- [ RunTime:0.000160s ]
INFO: [ app_end ] --START--
INFO: Run Behavior\ShowPageTraceBehavior [ RunTime:0.000411s ]
INFO: [ app_end ] --END-- [ RunTime:0.000450s ]

[ 2016-03-16T10:12:01+08:00 ] 127.0.0.1 /Home/Index/index
INFO: [ app_init ] --START--
INFO: Run Behavior\BuildLiteBehavior [ RunTime:0.000022s ]
INFO: [ app_init ] --END-- [ RunTime:0.000744s ]
INFO: [ app_begin ] --START--
INFO: Run Behavior\ReadHtmlCacheBehavior [ RunTime:0.001153s ]
INFO: [ app_begin ] --END-- [ RunTime:0.001242s ]
SQL: SHOW COLUMNS FROM `zmu_notice` [ RunTime:0.0018s ]
SQL: SELECT * FROM `zmu_notice` ORDER BY time DESC LIMIT 6   [ RunTime:0.0005s ]
SQL: SHOW COLUMNS FROM `zmu_student` [ RunTime:0.0015s ]
SQL: SELECT * FROM `zmu_student` WHERE `studyno` = '1611013467' LIMIT 1   [ RunTime:0.0005s ]
SQL: SHOW COLUMNS FROM `zmu_certificate` [ RunTime:0.0017s ]
SQL: SELECT * FROM `zmu_certificate` WHERE `studyno` = '1611013467'  [ RunTime:0.0004s ]
SQL: SHOW COLUMNS FROM `zmu_funding` [ RunTime:0.0012s ]
SQL: SELECT * FROM `zmu_funding` WHERE `studyno` = '1611013467'  [ RunTime:0.0003s ]
SQL: SHOW COLUMNS FROM `zmu_scholarship` [ RunTime:0.0032s ]
SQL: SELECT * FROM `zmu_scholarship` WHERE `studyno` = '1611013467'  [ RunTime:0.0004s ]
SQL: SHOW COLUMNS FROM `zmu_attendance` [ RunTime:0.0015s ]
SQL: SELECT * FROM `zmu_attendance` WHERE `studyno` = '1611013467' AND `status` <> 0  [ RunTime:0.0003s ]
SQL: SHOW COLUMNS FROM `zmu_leave` [ RunTime:0.0014s ]
SQL: SELECT * FROM `zmu_leave` WHERE `studyno` = '1611013467' ORDER BY time DESC LIMIT 6   [ RunTime:0.0005s ]
INFO: [ view_parse ] --START--
INFO: [ template_filter ] --START--
INFO: Run Behavior\ContentReplaceBehavior [ RunTime:0.000062s ]
INFO: [ template_filter ] --END-- [ RunTime:0.000100s ]
NOTIC: [8] Undefined index: name /Users/cyh/Desktop/zmu/Application/Runtime/Cache/Home/2a94b8bda04ff446dcedd42276fc99ee.php 第 315 行.
INFO: Run Behavior\ParseTemplateBehavior [ RunTime:0.017842s ]
INFO: [ view_parse ] --END-- [ RunTime:0.017921s ]
INFO: [ view_filter ] --START--
INFO: Run Behavior\WriteHtmlCacheBehavior [ RunTime:0.000461s ]
INFO: [ view_filter ] --END-- [ RunTime:0.000507s ]
INFO: [ app_end ] --START--
INFO: Run Behavior\ShowPageTraceBehavior [ RunTime:0.000810s ]
INFO: [ app_end ] --END-- [ RunTime:0.000880s ]

[ 2016-03-16T10:14:22+08:00 ] 127.0.0.1 /Home/Index/index
INFO: [ app_init ] --START--
INFO: Run Behavior\BuildLiteBehavior [ RunTime:0.000018s ]
INFO: [ app_init ] --END-- [ RunTime:0.000411s ]
INFO: [ app_begin ] --START--
INFO: Run Behavior\ReadHtmlCacheBehavior [ RunTime:0.000415s ]
INFO: [ app_begin ] --END-- [ RunTime:0.000456s ]
SQL: SHOW COLUMNS FROM `zmu_notice` [ RunTime:0.0103s ]
SQL: SELECT * FROM `zmu_notice` ORDER BY time DESC LIMIT 6   [ RunTime:0.0008s ]
SQL: SHOW COLUMNS FROM `zmu_student` [ RunTime:0.0018s ]
SQL: SELECT * FROM `zmu_student` WHERE `studyno` = '1611013467' LIMIT 1   [ RunTime:0.0006s ]
SQL: SHOW COLUMNS FROM `zmu_certificate` [ RunTime:0.0015s ]
SQL: SELECT * FROM `zmu_certificate` WHERE `studyno` = '1611013467'  [ RunTime:0.0003s ]
SQL: SHOW COLUMNS FROM `zmu_funding` [ RunTime:0.0013s ]
SQL: SELECT * FROM `zmu_funding` WHERE `studyno` = '1611013467'  [ RunTime:0.0003s ]
SQL: SHOW COLUMNS FROM `zmu_scholarship` [ RunTime:0.0013s ]
SQL: SELECT * FROM `zmu_scholarship` WHERE `studyno` = '1611013467'  [ RunTime:0.0004s ]
SQL: SHOW COLUMNS FROM `zmu_attendance` [ RunTime:0.0016s ]
SQL: SELECT * FROM `zmu_attendance` WHERE `studyno` = '1611013467' AND `status` <> 0  [ RunTime:0.0003s ]
SQL: SHOW COLUMNS FROM `zmu_leave` [ RunTime:0.0012s ]
SQL: SELECT * FROM `zmu_leave` WHERE `studyno` = '1611013467' ORDER BY time DESC LIMIT 6   [ RunTime:0.0003s ]
INFO: [ view_parse ] --START--
INFO: [ template_filter ] --START--
INFO: Run Behavior\ContentReplaceBehavior [ RunTime:0.000066s ]
INFO: [ template_filter ] --END-- [ RunTime:0.000105s ]
NOTIC: [8] Undefined index: name /Users/cyh/Desktop/zmu/Application/Runtime/Cache/Home/2a94b8bda04ff446dcedd42276fc99ee.php 第 319 行.
INFO: Run Behavior\ParseTemplateBehavior [ RunTime:0.012833s ]
INFO: [ view_parse ] --END-- [ RunTime:0.012886s ]
INFO: [ view_filter ] --START--
INFO: Run Behavior\WriteHtmlCacheBehavior [ RunTime:0.000115s ]
INFO: [ view_filter ] --END-- [ RunTime:0.000137s ]
INFO: [ app_end ] --START--
INFO: Run Behavior\ShowPageTraceBehavior [ RunTime:0.000400s ]
INFO: [ app_end ] --END-- [ RunTime:0.000438s ]

[ 2016-03-16T10:14:22+08:00 ] 127.0.0.1 /Public/js/jquery.min.map
INFO: [ app_init ] --START--
INFO: Run Behavior\BuildLiteBehavior [ RunTime:0.000020s ]
INFO: [ app_init ] --END-- [ RunTime:0.000447s ]
INFO: [ app_begin ] --START--
INFO: Run Behavior\ReadHtmlCacheBehavior [ RunTime:0.000573s ]
INFO: [ app_begin ] --END-- [ RunTime:0.000647s ]
ERR: 无法加载控制器:Public

[ 2016-03-16T10:15:29+08:00 ] 127.0.0.1 /Home/Index/index
INFO: [ app_init ] --START--
INFO: Run Behavior\BuildLiteBehavior [ RunTime:0.000011s ]
INFO: [ app_init ] --END-- [ RunTime:0.000259s ]
INFO: [ app_begin ] --START--
INFO: Run Behavior\ReadHtmlCacheBehavior [ RunTime:0.000266s ]
INFO: [ app_begin ] --END-- [ RunTime:0.000296s ]
SQL: SHOW COLUMNS FROM `zmu_notice` [ RunTime:0.0097s ]
SQL: SELECT * FROM `zmu_notice` ORDER BY time DESC LIMIT 6   [ RunTime:0.0006s ]
SQL: SHOW COLUMNS FROM `zmu_student` [ RunTime:0.0020s ]
SQL: SELECT * FROM `zmu_student` WHERE `studyno` = '1611013467' LIMIT 1   [ RunTime:0.0004s ]
SQL: SHOW COLUMNS FROM `zmu_certificate` [ RunTime:0.0016s ]
SQL: SELECT * FROM `zmu_certificate` WHERE `studyno` = '1611013467'  [ RunTime:0.0005s ]
SQL: SHOW COLUMNS FROM `zmu_funding` [ RunTime:0.0016s ]
SQL: SELECT * FROM `zmu_funding` WHERE `studyno` = '1611013467'  [ RunTime:0.0004s ]
SQL: SHOW COLUMNS FROM `zmu_scholarship` [ RunTime:0.0015s ]
SQL: SELECT * FROM `zmu_scholarship` WHERE `studyno` = '1611013467'  [ RunTime:0.0003s ]
SQL: SHOW COLUMNS FROM `zmu_attendance` [ RunTime:0.0015s ]
SQL: SELECT * FROM `zmu_attendance` WHERE `studyno` = '1611013467' AND `status` <> 0  [ RunTime:0.0003s ]
SQL: SHOW COLUMNS FROM `zmu_leave` [ RunTime:0.0014s ]
SQL: SELECT * FROM `zmu_leave` WHERE `studyno` = '1611013467' ORDER BY time DESC LIMIT 6   [ RunTime:0.0003s ]
INFO: [ view_parse ] --START--
INFO: [ template_filter ] --START--
INFO: Run Behavior\ContentReplaceBehavior [ RunTime:0.000066s ]
INFO: [ template_filter ] --END-- [ RunTime:0.000118s ]
NOTIC: [8] Undefined index: name /Users/cyh/Desktop/zmu/Application/Runtime/Cache/Home/2a94b8bda04ff446dcedd42276fc99ee.php 第 323 行.
INFO: Run Behavior\ParseTemplateBehavior [ RunTime:0.010711s ]
INFO: [ view_parse ] --END-- [ RunTime:0.010745s ]
INFO: [ view_filter ] --START--
INFO: Run Behavior\WriteHtmlCacheBehavior [ RunTime:0.000117s ]
INFO: [ view_filter ] --END-- [ RunTime:0.000139s ]
INFO: [ app_end ] --START--
INFO: Run Behavior\ShowPageTraceBehavior [ RunTime:0.000375s ]
INFO: [ app_end ] --END-- [ RunTime:0.000409s ]

[ 2016-03-16T10:15:30+08:00 ] 127.0.0.1 /Public/js/jquery.min.map
INFO: [ app_init ] --START--
INFO: Run Behavior\BuildLiteBehavior [ RunTime:0.000019s ]
INFO: [ app_init ] --END-- [ RunTime:0.000391s ]
INFO: [ app_begin ] --START--
INFO: Run Behavior\ReadHtmlCacheBehavior [ RunTime:0.000426s ]
INFO: [ app_begin ] --END-- [ RunTime:0.000465s ]
ERR: 无法加载控制器:Public

[ 2016-03-16T10:16:12+08:00 ] 127.0.0.1 /Home/Index/index
INFO: [ app_init ] --START--
INFO: Run Behavior\BuildLiteBehavior [ RunTime:0.000019s ]
INFO: [ app_init ] --END-- [ RunTime:0.000445s ]
INFO: [ app_begin ] --START--
INFO: Run Behavior\ReadHtmlCacheBehavior [ RunTime:0.000463s ]
INFO: [ app_begin ] --END-- [ RunTime:0.000509s ]
SQL: SHOW COLUMNS FROM `zmu_notice` [ RunTime:0.0099s ]
SQL: SELECT * FROM `zmu_notice` ORDER BY time DESC LIMIT 6   [ RunTime:0.0007s ]
SQL: SHOW COLUMNS FROM `zmu_student` [ RunTime:0.0020s ]
SQL: SELECT * FROM `zmu_student` WHERE `studyno` = '1611013467' LIMIT 1   [ RunTime:0.0005s ]
SQL: SHOW COLUMNS FROM `zmu_certificate` [ RunTime:0.0018s ]
SQL: SELECT * FROM `zmu_certificate` WHERE `studyno` = '1611013467'  [ RunTime:0.0004s ]
SQL: SHOW COLUMNS FROM `zmu_funding` [ RunTime:0.0012s ]
SQL: SELECT * FROM `zmu_funding` WHERE `studyno` = '1611013467'  [ RunTime:0.0003s ]
SQL: SHOW COLUMNS FROM `zmu_scholarship` [ RunTime:0.0013s ]
SQL: SELECT * FROM `zmu_scholarship` WHERE `studyno` = '1611013467'  [ RunTime:0.0003s ]
SQL: SHOW COLUMNS FROM `zmu_attendance` [ RunTime:0.0014s ]
SQL: SELECT * FROM `zmu_attendance` WHERE `studyno` = '1611013467' AND `status` <> 0  [ RunTime:0.0004s ]
SQL: SHOW COLUMNS FROM `zmu_leave` [ RunTime:0.0011s ]
SQL: SELECT * FROM `zmu_leave` WHERE `studyno` = '1611013467' ORDER BY time DESC LIMIT 6   [ RunTime:0.0003s ]
INFO: [ view_parse ] --START--
INFO: [ template_filter ] --START--
INFO: Run Behavior\ContentReplaceBehavior [ RunTime:0.000071s ]
INFO: [ template_filter ] --END-- [ RunTime:0.000111s ]
NOTIC: [8] Undefined index: name /Users/cyh/Desktop/zmu/Application/Runtime/Cache/Home/2a94b8bda04ff446dcedd42276fc99ee.php 第 323 行.
INFO: Run Behavior\ParseTemplateBehavior [ RunTime:0.012638s ]
INFO: [ view_parse ] --END-- [ RunTime:0.012696s ]
INFO: [ view_filter ] --START--
INFO: Run Behavior\WriteHtmlCacheBehavior [ RunTime:0.000118s ]
INFO: [ view_filter ] --END-- [ RunTime:0.000141s ]
INFO: [ app_end ] --START--
INFO: Run Behavior\ShowPageTraceBehavior [ RunTime:0.000398s ]
INFO: [ app_end ] --END-- [ RunTime:0.000435s ]

[ 2016-03-16T10:16:12+08:00 ] 127.0.0.1 /Public/js/jquery.min.map
INFO: [ app_init ] --START--
INFO: Run Behavior\BuildLiteBehavior [ RunTime:0.000034s ]
INFO: [ app_init ] --END-- [ RunTime:0.001179s ]
INFO: [ app_begin ] --START--
INFO: Run Behavior\ReadHtmlCacheBehavior [ RunTime:0.001384s ]
INFO: [ app_begin ] --END-- [ RunTime:0.001516s ]
ERR: 无法加载控制器:Public

[ 2016-03-16T10:16:58+08:00 ] 127.0.0.1 /Home/Index/index
INFO: [ app_init ] --START--
INFO: Run Behavior\BuildLiteBehavior [ RunTime:0.000010s ]
INFO: [ app_init ] --END-- [ RunTime:0.000212s ]
INFO: [ app_begin ] --START--
INFO: Run Behavior\ReadHtmlCacheBehavior [ RunTime:0.000263s ]
INFO: [ app_begin ] --END-- [ RunTime:0.000292s ]
SQL: SHOW COLUMNS FROM `zmu_notice` [ RunTime:0.0098s ]
SQL: SELECT * FROM `zmu_notice` ORDER BY time DESC LIMIT 6   [ RunTime:0.0006s ]
SQL: SHOW COLUMNS FROM `zmu_student` [ RunTime:0.0019s ]
SQL: SELECT * FROM `zmu_student` WHERE `studyno` = '1611013467' LIMIT 1   [ RunTime:0.0004s ]
SQL: SHOW COLUMNS FROM `zmu_certificate` [ RunTime:0.0015s ]
SQL: SELECT * FROM `zmu_certificate` WHERE `studyno` = '1611013467'  [ RunTime:0.0005s ]
SQL: SHOW COLUMNS FROM `zmu_funding` [ RunTime:0.0013s ]
SQL: SELECT * FROM `zmu_funding` WHERE `studyno` = '1611013467'  [ RunTime:0.0004s ]
SQL: SHOW COLUMNS FROM `zmu_scholarship` [ RunTime:0.0012s ]
SQL: SELECT * FROM `zmu_scholarship` WHERE `studyno` = '1611013467'  [ RunTime:0.0003s ]
SQL: SHOW COLUMNS FROM `zmu_attendance` [ RunTime:0.0016s ]
SQL: SELECT * FROM `zmu_attendance` WHERE `studyno` = '1611013467' AND `status` <> 0  [ RunTime:0.0004s ]
SQL: SHOW COLUMNS FROM `zmu_leave` [ RunTime:0.0011s ]
SQL: SELECT * FROM `zmu_leave` WHERE `studyno` = '1611013467' ORDER BY time DESC LIMIT 6   [ RunTime:0.0003s ]
INFO: [ view_parse ] --START--
INFO: [ template_filter ] --START--
INFO: Run Behavior\ContentReplaceBehavior [ RunTime:0.000046s ]
INFO: [ template_filter ] --END-- [ RunTime:0.000082s ]
NOTIC: [8] Undefined index: name /Users/cyh/Desktop/zmu/Application/Runtime/Cache/Home/2a94b8bda04ff446dcedd42276fc99ee.php 第 324 行.
INFO: Run Behavior\ParseTemplateBehavior [ RunTime:0.010678s ]
INFO: [ view_parse ] --END-- [ RunTime:0.010711s ]
INFO: [ view_filter ] --START--
INFO: Run Behavior\WriteHtmlCacheBehavior [ RunTime:0.000112s ]
INFO: [ view_filter ] --END-- [ RunTime:0.000134s ]
INFO: [ app_end ] --START--
INFO: Run Behavior\ShowPageTraceBehavior [ RunTime:0.000379s ]
INFO: [ app_end ] --END-- [ RunTime:0.000413s ]

[ 2016-03-16T10:16:58+08:00 ] 127.0.0.1 /Public/js/jquery.min.map
INFO: [ app_init ] --START--
INFO: Run Behavior\BuildLiteBehavior [ RunTime:0.000014s ]
INFO: [ app_init ] --END-- [ RunTime:0.000405s ]
INFO: [ app_begin ] --START--
INFO: Run Behavior\ReadHtmlCacheBehavior [ RunTime:0.000331s ]
INFO: [ app_begin ] --END-- [ RunTime:0.000368s ]
ERR: 无法加载控制器:Public

[ 2016-03-16T10:17:01+08:00 ] 127.0.0.1 /Home/Index/index
INFO: [ app_init ] --START--
INFO: Run Behavior\BuildLiteBehavior [ RunTime:0.000010s ]
INFO: [ app_init ] --END-- [ RunTime:0.000216s ]
INFO: [ app_begin ] --START--
INFO: Run Behavior\ReadHtmlCacheBehavior [ RunTime:0.000296s ]
INFO: [ app_begin ] --END-- [ RunTime:0.000327s ]
SQL: SHOW COLUMNS FROM `zmu_notice` [ RunTime:0.0101s ]
SQL: SELECT * FROM `zmu_notice` ORDER BY time DESC LIMIT 6   [ RunTime:0.0008s ]
SQL: SHOW COLUMNS FROM `zmu_student` [ RunTime:0.0019s ]
SQL: SELECT * FROM `zmu_student` WHERE `studyno` = '1611013467' LIMIT 1   [ RunTime:0.0005s ]
SQL: SHOW COLUMNS FROM `zmu_certificate` [ RunTime:0.0017s ]
SQL: SELECT * FROM `zmu_certificate` WHERE `studyno` = '1611013467'  [ RunTime:0.0005s ]
SQL: SHOW COLUMNS FROM `zmu_funding` [ RunTime:0.0016s ]
SQL: SELECT * FROM `zmu_funding` WHERE `studyno` = '1611013467'  [ RunTime:0.0003s ]
SQL: SHOW COLUMNS FROM `zmu_scholarship` [ RunTime:0.0012s ]
SQL: SELECT * FROM `zmu_scholarship` WHERE `studyno` = '1611013467'  [ RunTime:0.0003s ]
SQL: SHOW COLUMNS FROM `zmu_attendance` [ RunTime:0.0013s ]
SQL: SELECT * FROM `zmu_attendance` WHERE `studyno` = '1611013467' AND `status` <> 0  [ RunTime:0.0003s ]
SQL: SHOW COLUMNS FROM `zmu_leave` [ RunTime:0.0013s ]
SQL: SELECT * FROM `zmu_leave` WHERE `studyno` = '1611013467' ORDER BY time DESC LIMIT 6   [ RunTime:0.0004s ]
INFO: [ view_parse ] --START--
INFO: [ template_filter ] --START--
INFO: Run Behavior\ContentReplaceBehavior [ RunTime:0.000068s ]
INFO: [ template_filter ] --END-- [ RunTime:0.000121s ]
NOTIC: [8] Undefined index: name /Users/cyh/Desktop/zmu/Application/Runtime/Cache/Home/2a94b8bda04ff446dcedd42276fc99ee.php 第 324 行.
INFO: Run Behavior\ParseTemplateBehavior [ RunTime:0.012587s ]
INFO: [ view_parse ] --END-- [ RunTime:0.012629s ]
INFO: [ view_filter ] --START--
INFO: Run Behavior\WriteHtmlCacheBehavior [ RunTime:0.000146s ]
INFO: [ view_filter ] --END-- [ RunTime:0.000176s ]
INFO: [ app_end ] --START--
INFO: Run Behavior\ShowPageTraceBehavior [ RunTime:0.000495s ]
INFO: [ app_end ] --END-- [ RunTime:0.000534s ]

[ 2016-03-16T10:17:01+08:00 ] 127.0.0.1 /Public/js/jquery.min.map
INFO: [ app_init ] --START--
INFO: Run Behavior\BuildLiteBehavior [ RunTime:0.000021s ]
INFO: [ app_init ] --END-- [ RunTime:0.001123s ]
INFO: [ app_begin ] --START--
INFO: Run Behavior\ReadHtmlCacheBehavior [ RunTime:0.000333s ]
INFO: [ app_begin ] --END-- [ RunTime:0.000373s ]
ERR: 无法加载控制器:Public

[ 2016-03-16T10:17:08+08:00 ] 127.0.0.1 /Home/Index/index
INFO: [ app_init ] --START--
INFO: Run Behavior\BuildLiteBehavior [ RunTime:0.000022s ]
INFO: [ app_init ] --END-- [ RunTime:0.000419s ]
INFO: [ app_begin ] --START--
INFO: Run Behavior\ReadHtmlCacheBehavior [ RunTime:0.000416s ]
INFO: [ app_begin ] --END-- [ RunTime:0.000462s ]
SQL: SHOW COLUMNS FROM `zmu_notice` [ RunTime:0.0096s ]
SQL: SELECT * FROM `zmu_notice` ORDER BY time DESC LIMIT 6   [ RunTime:0.0022s ]
SQL: SHOW COLUMNS FROM `zmu_student` [ RunTime:0.0017s ]
SQL: SELECT * FROM `zmu_student` WHERE `studyno` = '1611013467' LIMIT 1   [ RunTime:0.0005s ]
SQL: SHOW COLUMNS FROM `zmu_certificate` [ RunTime:0.0015s ]
SQL: SELECT * FROM `zmu_certificate` WHERE `studyno` = '1611013467'  [ RunTime:0.0005s ]
SQL: SHOW COLUMNS FROM `zmu_funding` [ RunTime:0.0013s ]
SQL: SELECT * FROM `zmu_funding` WHERE `studyno` = '1611013467'  [ RunTime:0.0003s ]
SQL: SHOW COLUMNS FROM `zmu_scholarship` [ RunTime:0.0013s ]
SQL: SELECT * FROM `zmu_scholarship` WHERE `studyno` = '1611013467'  [ RunTime:0.0004s ]
SQL: SHOW COLUMNS FROM `zmu_attendance` [ RunTime:0.0016s ]
SQL: SELECT * FROM `zmu_attendance` WHERE `studyno` = '1611013467' AND `status` <> 0  [ RunTime:0.0003s ]
SQL: SHOW COLUMNS FROM `zmu_leave` [ RunTime:0.0011s ]
SQL: SELECT * FROM `zmu_leave` WHERE `studyno` = '1611013467' ORDER BY time DESC LIMIT 6   [ RunTime:0.0003s ]
INFO: [ view_parse ] --START--
INFO: [ template_filter ] --START--
INFO: Run Behavior\ContentReplaceBehavior [ RunTime:0.000131s ]
INFO: [ template_filter ] --END-- [ RunTime:0.000174s ]
NOTIC: [8] Undefined index: name /Users/cyh/Desktop/zmu/Application/Runtime/Cache/Home/2a94b8bda04ff446dcedd42276fc99ee.php 第 324 行.
INFO: Run Behavior\ParseTemplateBehavior [ RunTime:0.011996s ]
INFO: [ view_parse ] --END-- [ RunTime:0.012042s ]
INFO: [ view_filter ] --START--
INFO: Run Behavior\WriteHtmlCacheBehavior [ RunTime:0.000124s ]
INFO: [ view_filter ] --END-- [ RunTime:0.000147s ]
INFO: [ app_end ] --START--
INFO: Run Behavior\ShowPageTraceBehavior [ RunTime:0.000412s ]
INFO: [ app_end ] --END-- [ RunTime:0.000449s ]

[ 2016-03-16T10:17:08+08:00 ] 127.0.0.1 /Public/js/jquery.min.map
INFO: [ app_init ] --START--
INFO: Run Behavior\BuildLiteBehavior [ RunTime:0.000033s ]
INFO: [ app_init ] --END-- [ RunTime:0.000635s ]
INFO: [ app_begin ] --START--
INFO: Run Behavior\ReadHtmlCacheBehavior [ RunTime:0.001426s ]
INFO: [ app_begin ] --END-- [ RunTime:0.001527s ]
ERR: 无法加载控制器:Public

[ 2016-03-16T10:17:11+08:00 ] 127.0.0.1 /Home/Index/index
INFO: [ app_init ] --START--
INFO: Run Behavior\BuildLiteBehavior [ RunTime:0.000009s ]
INFO: [ app_init ] --END-- [ RunTime:0.000219s ]
INFO: [ app_begin ] --START--
INFO: Run Behavior\ReadHtmlCacheBehavior [ RunTime:0.000271s ]
INFO: [ app_begin ] --END-- [ RunTime:0.000302s ]
SQL: SHOW COLUMNS FROM `zmu_notice` [ RunTime:0.0098s ]
SQL: SELECT * FROM `zmu_notice` ORDER BY time DESC LIMIT 6   [ RunTime:0.0022s ]
SQL: SHOW COLUMNS FROM `zmu_student` [ RunTime:0.0017s ]
SQL: SELECT * FROM `zmu_student` WHERE `studyno` = '1611013467' LIMIT 1   [ RunTime:0.0005s ]
SQL: SHOW COLUMNS FROM `zmu_certificate` [ RunTime:0.0013s ]
SQL: SELECT * FROM `zmu_certificate` WHERE `studyno` = '1611013467'  [ RunTime:0.0004s ]
SQL: SHOW COLUMNS FROM `zmu_funding` [ RunTime:0.0015s ]
SQL: SELECT * FROM `zmu_funding` WHERE `studyno` = '1611013467'  [ RunTime:0.0004s ]
SQL: SHOW COLUMNS FROM `zmu_scholarship` [ RunTime:0.0012s ]
SQL: SELECT * FROM `zmu_scholarship` WHERE `studyno` = '1611013467'  [ RunTime:0.0003s ]
SQL: SHOW COLUMNS FROM `zmu_attendance` [ RunTime:0.0011s ]
SQL: SELECT * FROM `zmu_attendance` WHERE `studyno` = '1611013467' AND `status` <> 0  [ RunTime:0.0005s ]
SQL: SHOW COLUMNS FROM `zmu_leave` [ RunTime:0.0014s ]
SQL: SELECT * FROM `zmu_leave` WHERE `studyno` = '1611013467' ORDER BY time DESC LIMIT 6   [ RunTime:0.0004s ]
INFO: [ view_parse ] --START--
INFO: [ template_filter ] --START--
INFO: Run Behavior\ContentReplaceBehavior [ RunTime:0.000067s ]
INFO: [ template_filter ] --END-- [ RunTime:0.000107s ]
NOTIC: [8] Undefined index: name /Users/cyh/Desktop/zmu/Application/Runtime/Cache/Home/2a94b8bda04ff446dcedd42276fc99ee.php 第 324 行.
INFO: Run Behavior\ParseTemplateBehavior [ RunTime:0.014341s ]
INFO: [ view_parse ] --END-- [ RunTime:0.014411s ]
INFO: [ view_filter ] --START--
INFO: Run Behavior\WriteHtmlCacheBehavior [ RunTime:0.000118s ]
INFO: [ view_filter ] --END-- [ RunTime:0.000140s ]
INFO: [ app_end ] --START--
INFO: Run Behavior\ShowPageTraceBehavior [ RunTime:0.000417s ]
INFO: [ app_end ] --END-- [ RunTime:0.000456s ]

[ 2016-03-16T10:17:11+08:00 ] 127.0.0.1 /Public/js/jquery.min.map
INFO: [ app_init ] --START--
INFO: Run Behavior\BuildLiteBehavior [ RunTime:0.000019s ]
INFO: [ app_init ] --END-- [ RunTime:0.000473s ]
INFO: [ app_begin ] --START--
INFO: Run Behavior\ReadHtmlCacheBehavior [ RunTime:0.000614s ]
INFO: [ app_begin ] --END-- [ RunTime:0.000681s ]
ERR: 无法加载控制器:Public

