[ 2016-03-02T09:38:27+08:00 ] 127.0.0.1 /favicon.ico
INFO: [ app_init ] --START--
INFO: Run Behavior\BuildLiteBehavior [ RunTime:0.000011s ]
INFO: [ app_init ] --END-- [ RunTime:0.000248s ]

[ 2016-03-02T09:38:27+08:00 ] 127.0.0.1 /favicon.ico
INFO: [ app_init ] --START--
INFO: Run Behavior\BuildLiteBehavior [ RunTime:0.000012s ]
INFO: [ app_init ] --END-- [ RunTime:0.000244s ]

[ 2016-03-02T09:49:27+08:00 ] 127.0.0.1 /Application/Index/View/Public/images/companylogo.png
INFO: [ app_init ] --START--
INFO: Run Behavior\BuildLiteBehavior [ RunTime:0.000015s ]
INFO: [ app_init ] --END-- [ RunTime:0.000341s ]

[ 2016-03-02T09:49:39+08:00 ] 127.0.0.1 /Home/Index/index
INFO: [ app_init ] --START--
INFO: Run Behavior\BuildLiteBehavior [ RunTime:0.000018s ]
INFO: [ app_init ] --END-- [ RunTime:0.000393s ]
INFO: [ app_begin ] --START--
INFO: Run Behavior\ReadHtmlCacheBehavior [ RunTime:0.000571s ]
INFO: [ app_begin ] --END-- [ RunTime:0.000627s ]
SQL: SHOW COLUMNS FROM `zmu_notice` [ RunTime:0.0019s ]
SQL: SELECT * FROM `zmu_notice` ORDER BY time DESC LIMIT 6   [ RunTime:0.0004s ]
SQL: SHOW COLUMNS FROM `zmu_student` [ RunTime:0.0012s ]
SQL: SELECT * FROM `zmu_student` WHERE `studyno` = '1611013467' LIMIT 1   [ RunTime:0.0003s ]
SQL: SHOW COLUMNS FROM `zmu_certificate` [ RunTime:0.0012s ]
SQL: SELECT * FROM `zmu_certificate` WHERE `studyno` = '1611013467'  [ RunTime:0.0004s ]
SQL: SHOW COLUMNS FROM `zmu_funding` [ RunTime:0.0020s ]
SQL: SELECT * FROM `zmu_funding` WHERE `studyno` = '1611013467'  [ RunTime:0.0003s ]
SQL: SHOW COLUMNS FROM `zmu_scholarship` [ RunTime:0.0033s ]
SQL: SELECT * FROM `zmu_scholarship` WHERE `studyno` = '1611013467'  [ RunTime:0.0003s ]
SQL: SHOW COLUMNS FROM `zmu_attendance` [ RunTime:0.0032s ]
SQL: SELECT * FROM `zmu_attendance` WHERE `studyno` = '1611013467' AND `status` <> 0  [ RunTime:0.0003s ]
SQL: SHOW COLUMNS FROM `zmu_leave` [ RunTime:0.0045s ]
SQL: SELECT * FROM `zmu_leave` WHERE `studyno` = '1611013467' ORDER BY time DESC LIMIT 6   [ RunTime:0.0007s ]
INFO: [ view_parse ] --START--
INFO: [ template_filter ] --START--
INFO: Run Behavior\ContentReplaceBehavior [ RunTime:0.000058s ]
INFO: [ template_filter ] --END-- [ RunTime:0.000098s ]
NOTIC: [8] Undefined index: name /Users/cyh/Desktop/zmu/Application/Runtime/Cache/Home/2a94b8bda04ff446dcedd42276fc99ee.php 第 314 行.
INFO: Run Behavior\ParseTemplateBehavior [ RunTime:0.015319s ]
INFO: [ view_parse ] --END-- [ RunTime:0.015362s ]
INFO: [ view_filter ] --START--
INFO: Run Behavior\WriteHtmlCacheBehavior [ RunTime:0.000115s ]
INFO: [ view_filter ] --END-- [ RunTime:0.000138s ]
INFO: [ app_end ] --START--
INFO: Run Behavior\ShowPageTraceBehavior [ RunTime:0.000458s ]
INFO: [ app_end ] --END-- [ RunTime:0.000495s ]

[ 2016-03-02T09:49:42+08:00 ] 127.0.0.1 /Home/Notice/index/id/7
INFO: [ app_init ] --START--
INFO: Run Behavior\BuildLiteBehavior [ RunTime:0.000009s ]
INFO: [ app_init ] --END-- [ RunTime:0.000209s ]
INFO: [ app_begin ] --START--
INFO: Run Behavior\ReadHtmlCacheBehavior [ RunTime:0.000370s ]
INFO: [ app_begin ] --END-- [ RunTime:0.000419s ]
ERR: 无法加载控制器:Notice

[ 2016-03-02T09:49:50+08:00 ] 127.0.0.1 /Home/Notice/index/id/7
INFO: [ app_init ] --START--
INFO: Run Behavior\BuildLiteBehavior [ RunTime:0.000011s ]
INFO: [ app_init ] --END-- [ RunTime:0.000251s ]
INFO: [ app_begin ] --START--
INFO: Run Behavior\ReadHtmlCacheBehavior [ RunTime:0.000268s ]
INFO: [ app_begin ] --END-- [ RunTime:0.000298s ]
ERR: 无法加载控制器:Notice

[ 2016-03-02T09:53:20+08:00 ] 127.0.0.1 /Home/Index/index
INFO: [ app_init ] --START--
INFO: Run Behavior\BuildLiteBehavior [ RunTime:0.000013s ]
INFO: [ app_init ] --END-- [ RunTime:0.000287s ]
INFO: [ app_begin ] --START--
INFO: Run Behavior\ReadHtmlCacheBehavior [ RunTime:0.000288s ]
INFO: [ app_begin ] --END-- [ RunTime:0.000321s ]
SQL: SHOW COLUMNS FROM `zmu_notice` [ RunTime:0.0102s ]
SQL: SELECT * FROM `zmu_notice` ORDER BY time DESC LIMIT 6   [ RunTime:0.0007s ]
SQL: SHOW COLUMNS FROM `zmu_student` [ RunTime:0.0016s ]
SQL: SELECT * FROM `zmu_student` WHERE `studyno` = '1611013467' LIMIT 1   [ RunTime:0.0005s ]
SQL: SHOW COLUMNS FROM `zmu_certificate` [ RunTime:0.0014s ]
SQL: SELECT * FROM `zmu_certificate` WHERE `studyno` = '1611013467'  [ RunTime:0.0004s ]
SQL: SHOW COLUMNS FROM `zmu_funding` [ RunTime:0.0019s ]
SQL: SELECT * FROM `zmu_funding` WHERE `studyno` = '1611013467'  [ RunTime:0.0004s ]
SQL: SHOW COLUMNS FROM `zmu_scholarship` [ RunTime:0.0015s ]
SQL: SELECT * FROM `zmu_scholarship` WHERE `studyno` = '1611013467'  [ RunTime:0.0004s ]
SQL: SHOW COLUMNS FROM `zmu_attendance` [ RunTime:0.0015s ]
SQL: SELECT * FROM `zmu_attendance` WHERE `studyno` = '1611013467' AND `status` <> 0  [ RunTime:0.0003s ]
SQL: SHOW COLUMNS FROM `zmu_leave` [ RunTime:0.0013s ]
SQL: SELECT * FROM `zmu_leave` WHERE `studyno` = '1611013467' ORDER BY time DESC LIMIT 6   [ RunTime:0.0005s ]
INFO: [ view_parse ] --START--
INFO: [ template_filter ] --START--
INFO: Run Behavior\ContentReplaceBehavior [ RunTime:0.000043s ]
INFO: [ template_filter ] --END-- [ RunTime:0.000078s ]
NOTIC: [8] Undefined index: name /Users/cyh/Desktop/zmu/Application/Runtime/Cache/Home/2a94b8bda04ff446dcedd42276fc99ee.php 第 314 行.
INFO: Run Behavior\ParseTemplateBehavior [ RunTime:0.011513s ]
INFO: [ view_parse ] --END-- [ RunTime:0.011552s ]
INFO: [ view_filter ] --START--
INFO: Run Behavior\WriteHtmlCacheBehavior [ RunTime:0.000115s ]
INFO: [ view_filter ] --END-- [ RunTime:0.000137s ]
INFO: [ app_end ] --START--
INFO: Run Behavior\ShowPageTraceBehavior [ RunTime:0.000395s ]
INFO: [ app_end ] --END-- [ RunTime:0.000464s ]

[ 2016-03-02T09:53:23+08:00 ] 127.0.0.1 /Home/index/notice/id/7
INFO: [ app_init ] --START--
INFO: Run Behavior\BuildLiteBehavior [ RunTime:0.000009s ]
INFO: [ app_init ] --END-- [ RunTime:0.000210s ]
INFO: [ app_begin ] --START--
INFO: Run Behavior\ReadHtmlCacheBehavior [ RunTime:0.000263s ]
INFO: [ app_begin ] --END-- [ RunTime:0.000292s ]
INFO: [ view_parse ] --START--
INFO: [ template_filter ] --START--
INFO: Run Behavior\ContentReplaceBehavior [ RunTime:0.000051s ]
INFO: [ template_filter ] --END-- [ RunTime:0.000114s ]
INFO: Run Behavior\ParseTemplateBehavior [ RunTime:0.012150s ]
INFO: [ view_parse ] --END-- [ RunTime:0.012210s ]
INFO: [ view_filter ] --START--
INFO: Run Behavior\WriteHtmlCacheBehavior [ RunTime:0.000203s ]
INFO: [ view_filter ] --END-- [ RunTime:0.000247s ]
INFO: [ app_end ] --START--
INFO: Run Behavior\ShowPageTraceBehavior [ RunTime:0.000557s ]
INFO: [ app_end ] --END-- [ RunTime:0.000607s ]

[ 2016-03-02T09:55:50+08:00 ] 127.0.0.1 /Home/Index/index
INFO: [ app_init ] --START--
INFO: Run Behavior\BuildLiteBehavior [ RunTime:0.000010s ]
INFO: [ app_init ] --END-- [ RunTime:0.000217s ]
INFO: [ app_begin ] --START--
INFO: Run Behavior\ReadHtmlCacheBehavior [ RunTime:0.000305s ]
INFO: [ app_begin ] --END-- [ RunTime:0.000336s ]
SQL: SHOW COLUMNS FROM `zmu_notice` [ RunTime:0.0100s ]
SQL: SELECT * FROM `zmu_notice` ORDER BY time DESC LIMIT 6   [ RunTime:0.0005s ]
SQL: SHOW COLUMNS FROM `zmu_student` [ RunTime:0.0019s ]
SQL: SELECT * FROM `zmu_student` WHERE `studyno` = '1611013467' LIMIT 1   [ RunTime:0.0005s ]
SQL: SHOW COLUMNS FROM `zmu_certificate` [ RunTime:0.0017s ]
SQL: SELECT * FROM `zmu_certificate` WHERE `studyno` = '1611013467'  [ RunTime:0.0004s ]
SQL: SHOW COLUMNS FROM `zmu_funding` [ RunTime:0.0015s ]
SQL: SELECT * FROM `zmu_funding` WHERE `studyno` = '1611013467'  [ RunTime:0.0004s ]
SQL: SHOW COLUMNS FROM `zmu_scholarship` [ RunTime:0.0014s ]
SQL: SELECT * FROM `zmu_scholarship` WHERE `studyno` = '1611013467'  [ RunTime:0.0004s ]
SQL: SHOW COLUMNS FROM `zmu_attendance` [ RunTime:0.0018s ]
SQL: SELECT * FROM `zmu_attendance` WHERE `studyno` = '1611013467' AND `status` <> 0  [ RunTime:0.0004s ]
SQL: SHOW COLUMNS FROM `zmu_leave` [ RunTime:0.0012s ]
SQL: SELECT * FROM `zmu_leave` WHERE `studyno` = '1611013467' ORDER BY time DESC LIMIT 6   [ RunTime:0.0004s ]
INFO: [ view_parse ] --START--
INFO: [ template_filter ] --START--
INFO: Run Behavior\ContentReplaceBehavior [ RunTime:0.000064s ]
INFO: [ template_filter ] --END-- [ RunTime:0.000110s ]
NOTIC: [8] Undefined index: name /Users/cyh/Desktop/zmu/Application/Runtime/Cache/Home/2a94b8bda04ff446dcedd42276fc99ee.php 第 314 行.
INFO: Run Behavior\ParseTemplateBehavior [ RunTime:0.011609s ]
INFO: [ view_parse ] --END-- [ RunTime:0.011643s ]
INFO: [ view_filter ] --START--
INFO: Run Behavior\WriteHtmlCacheBehavior [ RunTime:0.000118s ]
INFO: [ view_filter ] --END-- [ RunTime:0.000140s ]
INFO: [ app_end ] --START--
INFO: Run Behavior\ShowPageTraceBehavior [ RunTime:0.000408s ]
INFO: [ app_end ] --END-- [ RunTime:0.000451s ]

[ 2016-03-02T09:55:54+08:00 ] 127.0.0.1 /Home/Index/index
INFO: [ app_init ] --START--
INFO: Run Behavior\BuildLiteBehavior [ RunTime:0.000010s ]
INFO: [ app_init ] --END-- [ RunTime:0.000209s ]
INFO: [ app_begin ] --START--
INFO: Run Behavior\ReadHtmlCacheBehavior [ RunTime:0.000315s ]
INFO: [ app_begin ] --END-- [ RunTime:0.000384s ]
SQL: SHOW COLUMNS FROM `zmu_notice` [ RunTime:0.0096s ]
SQL: SELECT * FROM `zmu_notice` ORDER BY time DESC LIMIT 6   [ RunTime:0.0005s ]
SQL: SHOW COLUMNS FROM `zmu_student` [ RunTime:0.0017s ]
SQL: SELECT * FROM `zmu_student` WHERE `studyno` = '1611013467' LIMIT 1   [ RunTime:0.0004s ]
SQL: SHOW COLUMNS FROM `zmu_certificate` [ RunTime:0.0014s ]
SQL: SELECT * FROM `zmu_certificate` WHERE `studyno` = '1611013467'  [ RunTime:0.0004s ]
SQL: SHOW COLUMNS FROM `zmu_funding` [ RunTime:0.0015s ]
SQL: SELECT * FROM `zmu_funding` WHERE `studyno` = '1611013467'  [ RunTime:0.0003s ]
SQL: SHOW COLUMNS FROM `zmu_scholarship` [ RunTime:0.0011s ]
SQL: SELECT * FROM `zmu_scholarship` WHERE `studyno` = '1611013467'  [ RunTime:0.0004s ]
SQL: SHOW COLUMNS FROM `zmu_attendance` [ RunTime:0.0014s ]
SQL: SELECT * FROM `zmu_attendance` WHERE `studyno` = '1611013467' AND `status` <> 0  [ RunTime:0.0004s ]
SQL: SHOW COLUMNS FROM `zmu_leave` [ RunTime:0.0012s ]
SQL: SELECT * FROM `zmu_leave` WHERE `studyno` = '1611013467' ORDER BY time DESC LIMIT 6   [ RunTime:0.0003s ]
INFO: [ view_parse ] --START--
INFO: [ template_filter ] --START--
INFO: Run Behavior\ContentReplaceBehavior [ RunTime:0.000053s ]
INFO: [ template_filter ] --END-- [ RunTime:0.000085s ]
NOTIC: [8] Undefined index: name /Users/cyh/Desktop/zmu/Application/Runtime/Cache/Home/2a94b8bda04ff446dcedd42276fc99ee.php 第 314 行.
INFO: Run Behavior\ParseTemplateBehavior [ RunTime:0.011604s ]
INFO: [ view_parse ] --END-- [ RunTime:0.011658s ]
INFO: [ view_filter ] --START--
INFO: Run Behavior\WriteHtmlCacheBehavior [ RunTime:0.000198s ]
INFO: [ view_filter ] --END-- [ RunTime:0.000240s ]
INFO: [ app_end ] --START--
INFO: Run Behavior\ShowPageTraceBehavior [ RunTime:0.000579s ]
INFO: [ app_end ] --END-- [ RunTime:0.000645s ]

[ 2016-03-02T09:55:55+08:00 ] 127.0.0.1 /Home/index/notice/id/7
INFO: [ app_init ] --START--
INFO: Run Behavior\BuildLiteBehavior [ RunTime:0.000009s ]
INFO: [ app_init ] --END-- [ RunTime:0.000224s ]
INFO: [ app_begin ] --START--
INFO: Run Behavior\ReadHtmlCacheBehavior [ RunTime:0.000278s ]
INFO: [ app_begin ] --END-- [ RunTime:0.000309s ]
INFO: [ view_parse ] --START--
INFO: [ template_filter ] --START--
INFO: Run Behavior\ContentReplaceBehavior [ RunTime:0.000031s ]
INFO: [ template_filter ] --END-- [ RunTime:0.000064s ]
INFO: Run Behavior\ParseTemplateBehavior [ RunTime:0.011420s ]
INFO: [ view_parse ] --END-- [ RunTime:0.011484s ]
INFO: [ view_filter ] --START--
INFO: Run Behavior\WriteHtmlCacheBehavior [ RunTime:0.000217s ]
INFO: [ view_filter ] --END-- [ RunTime:0.000262s ]
INFO: [ app_end ] --START--
INFO: Run Behavior\ShowPageTraceBehavior [ RunTime:0.000574s ]
INFO: [ app_end ] --END-- [ RunTime:0.000623s ]

[ 2016-03-02T09:58:16+08:00 ] 127.0.0.1 /Home/index/notice/id/7
INFO: [ app_init ] --START--
INFO: Run Behavior\BuildLiteBehavior [ RunTime:0.000009s ]
INFO: [ app_init ] --END-- [ RunTime:0.000248s ]
INFO: [ app_begin ] --START--
INFO: Run Behavior\ReadHtmlCacheBehavior [ RunTime:0.000295s ]
INFO: [ app_begin ] --END-- [ RunTime:0.000325s ]
INFO: [ view_parse ] --START--
INFO: [ template_filter ] --START--
INFO: Run Behavior\ContentReplaceBehavior [ RunTime:0.000030s ]
INFO: [ template_filter ] --END-- [ RunTime:0.000060s ]
NOTIC: [8] Undefined variable: notice /Users/cyh/Desktop/zmu/Application/Runtime/Cache/Home/690300f9aea1793d0a9916ecbf99051b.php 第 77 行.
NOTIC: [8] Undefined variable: notice /Users/cyh/Desktop/zmu/Application/Runtime/Cache/Home/690300f9aea1793d0a9916ecbf99051b.php 第 78 行.
NOTIC: [8] Undefined variable: notice /Users/cyh/Desktop/zmu/Application/Runtime/Cache/Home/690300f9aea1793d0a9916ecbf99051b.php 第 80 行.
INFO: Run Behavior\ParseTemplateBehavior [ RunTime:0.012158s ]
INFO: [ view_parse ] --END-- [ RunTime:0.012204s ]
INFO: [ view_filter ] --START--
INFO: Run Behavior\WriteHtmlCacheBehavior [ RunTime:0.000211s ]
INFO: [ view_filter ] --END-- [ RunTime:0.000257s ]
INFO: [ app_end ] --START--
INFO: Run Behavior\ShowPageTraceBehavior [ RunTime:0.000568s ]
INFO: [ app_end ] --END-- [ RunTime:0.000618s ]

[ 2016-03-02T09:59:04+08:00 ] 127.0.0.1 /Home/index/notice/id/7
INFO: [ app_init ] --START--
INFO: Run Behavior\BuildLiteBehavior [ RunTime:0.000022s ]
INFO: [ app_init ] --END-- [ RunTime:0.000422s ]
INFO: [ app_begin ] --START--
INFO: Run Behavior\ReadHtmlCacheBehavior [ RunTime:0.000421s ]
INFO: [ app_begin ] --END-- [ RunTime:0.000466s ]
SQL: SHOW COLUMNS FROM `zmu_notice` [ RunTime:0.0100s ]
SQL: SELECT * FROM `zmu_notice` WHERE `id` = 7 LIMIT 1   [ RunTime:0.0005s ]
INFO: [ view_parse ] --START--
INFO: [ template_filter ] --START--
INFO: Run Behavior\ContentReplaceBehavior [ RunTime:0.000071s ]
INFO: [ template_filter ] --END-- [ RunTime:0.000135s ]
INFO: Run Behavior\ParseTemplateBehavior [ RunTime:0.007658s ]
INFO: [ view_parse ] --END-- [ RunTime:0.007734s ]
INFO: [ view_filter ] --START--
INFO: Run Behavior\WriteHtmlCacheBehavior [ RunTime:0.000137s ]
INFO: [ view_filter ] --END-- [ RunTime:0.000172s ]
INFO: [ app_end ] --START--
INFO: Run Behavior\ShowPageTraceBehavior [ RunTime:0.000468s ]
INFO: [ app_end ] --END-- [ RunTime:0.000507s ]

[ 2016-03-02T09:59:13+08:00 ] 127.0.0.1 /Home/Index/index
INFO: [ app_init ] --START--
INFO: Run Behavior\BuildLiteBehavior [ RunTime:0.000016s ]
INFO: [ app_init ] --END-- [ RunTime:0.000304s ]
INFO: [ app_begin ] --START--
INFO: Run Behavior\ReadHtmlCacheBehavior [ RunTime:0.000305s ]
INFO: [ app_begin ] --END-- [ RunTime:0.000338s ]
SQL: SHOW COLUMNS FROM `zmu_notice` [ RunTime:0.0099s ]
SQL: SELECT * FROM `zmu_notice` ORDER BY time DESC LIMIT 6   [ RunTime:0.0008s ]
SQL: SHOW COLUMNS FROM `zmu_student` [ RunTime:0.0019s ]
SQL: SELECT * FROM `zmu_student` WHERE `studyno` = '1611013467' LIMIT 1   [ RunTime:0.0004s ]
SQL: SHOW COLUMNS FROM `zmu_certificate` [ RunTime:0.0014s ]
SQL: SELECT * FROM `zmu_certificate` WHERE `studyno` = '1611013467'  [ RunTime:0.0004s ]
SQL: SHOW COLUMNS FROM `zmu_funding` [ RunTime:0.0016s ]
SQL: SELECT * FROM `zmu_funding` WHERE `studyno` = '1611013467'  [ RunTime:0.0004s ]
SQL: SHOW COLUMNS FROM `zmu_scholarship` [ RunTime:0.0015s ]
SQL: SELECT * FROM `zmu_scholarship` WHERE `studyno` = '1611013467'  [ RunTime:0.0004s ]
SQL: SHOW COLUMNS FROM `zmu_attendance` [ RunTime:0.0015s ]
SQL: SELECT * FROM `zmu_attendance` WHERE `studyno` = '1611013467' AND `status` <> 0  [ RunTime:0.0004s ]
SQL: SHOW COLUMNS FROM `zmu_leave` [ RunTime:0.0013s ]
SQL: SELECT * FROM `zmu_leave` WHERE `studyno` = '1611013467' ORDER BY time DESC LIMIT 6   [ RunTime:0.0004s ]
INFO: [ view_parse ] --START--
INFO: [ template_filter ] --START--
INFO: Run Behavior\ContentReplaceBehavior [ RunTime:0.000066s ]
INFO: [ template_filter ] --END-- [ RunTime:0.000104s ]
NOTIC: [8] Undefined index: name /Users/cyh/Desktop/zmu/Application/Runtime/Cache/Home/2a94b8bda04ff446dcedd42276fc99ee.php 第 314 行.
INFO: Run Behavior\ParseTemplateBehavior [ RunTime:0.012071s ]
INFO: [ view_parse ] --END-- [ RunTime:0.012113s ]
INFO: [ view_filter ] --START--
INFO: Run Behavior\WriteHtmlCacheBehavior [ RunTime:0.000117s ]
INFO: [ view_filter ] --END-- [ RunTime:0.000139s ]
INFO: [ app_end ] --START--
INFO: Run Behavior\ShowPageTraceBehavior [ RunTime:0.000430s ]
INFO: [ app_end ] --END-- [ RunTime:0.000470s ]

[ 2016-03-02T09:59:30+08:00 ] 127.0.0.1 /Application/Index/View/Public/images/companylogo.png
INFO: [ app_init ] --START--
INFO: Run Behavior\BuildLiteBehavior [ RunTime:0.000011s ]
INFO: [ app_init ] --END-- [ RunTime:0.000247s ]

[ 2016-03-02T10:15:55+08:00 ] 127.0.0.1 /Application/Index/View/Public/images/companylogo.png
INFO: [ app_init ] --START--
INFO: Run Behavior\BuildLiteBehavior [ RunTime:0.000030s ]
INFO: [ app_init ] --END-- [ RunTime:0.000505s ]

[ 2016-03-02T10:28:57+08:00 ] 127.0.0.1 /Application/Index/View/Public/images/companylogo.png
INFO: [ app_init ] --START--
INFO: Run Behavior\BuildLiteBehavior [ RunTime:0.000018s ]
INFO: [ app_init ] --END-- [ RunTime:0.000382s ]

[ 2016-03-02T10:29:15+08:00 ] 127.0.0.1 /Home/Index/index
INFO: [ app_init ] --START--
INFO: Run Behavior\BuildLiteBehavior [ RunTime:0.000024s ]
INFO: [ app_init ] --END-- [ RunTime:0.000294s ]
INFO: [ app_begin ] --START--
INFO: Run Behavior\ReadHtmlCacheBehavior [ RunTime:0.000386s ]
INFO: [ app_begin ] --END-- [ RunTime:0.000428s ]
SQL: SHOW COLUMNS FROM `zmu_notice` [ RunTime:0.0011s ]
SQL: SELECT * FROM `zmu_notice` ORDER BY time DESC LIMIT 6   [ RunTime:0.0003s ]
SQL: SHOW COLUMNS FROM `zmu_student` [ RunTime:0.0011s ]
SQL: SELECT * FROM `zmu_student` WHERE `studyno` = '1611013467' LIMIT 1   [ RunTime:0.0003s ]
SQL: SHOW COLUMNS FROM `zmu_certificate` [ RunTime:0.0011s ]
SQL: SELECT * FROM `zmu_certificate` WHERE `studyno` = '1611013467'  [ RunTime:0.0003s ]
SQL: SHOW COLUMNS FROM `zmu_funding` [ RunTime:0.0011s ]
SQL: SELECT * FROM `zmu_funding` WHERE `studyno` = '1611013467'  [ RunTime:0.0004s ]
SQL: SHOW COLUMNS FROM `zmu_scholarship` [ RunTime:0.0014s ]
SQL: SELECT * FROM `zmu_scholarship` WHERE `studyno` = '1611013467'  [ RunTime:0.0003s ]
SQL: SHOW COLUMNS FROM `zmu_attendance` [ RunTime:0.0016s ]
SQL: SELECT * FROM `zmu_attendance` WHERE `studyno` = '1611013467' AND `status` <> 0  [ RunTime:0.0004s ]
SQL: SHOW COLUMNS FROM `zmu_leave` [ RunTime:0.0013s ]
SQL: SELECT * FROM `zmu_leave` WHERE `studyno` = '1611013467' ORDER BY time DESC LIMIT 6   [ RunTime:0.0003s ]
INFO: [ view_parse ] --START--
INFO: [ template_filter ] --START--
INFO: Run Behavior\ContentReplaceBehavior [ RunTime:0.000070s ]
INFO: [ template_filter ] --END-- [ RunTime:0.000118s ]
NOTIC: [8] Undefined index: name /Users/cyh/Desktop/zmu/Application/Runtime/Cache/Home/2a94b8bda04ff446dcedd42276fc99ee.php 第 314 行.
INFO: Run Behavior\ParseTemplateBehavior [ RunTime:0.012459s ]
INFO: [ view_parse ] --END-- [ RunTime:0.012499s ]
INFO: [ view_filter ] --START--
INFO: Run Behavior\WriteHtmlCacheBehavior [ RunTime:0.000145s ]
INFO: [ view_filter ] --END-- [ RunTime:0.000172s ]
INFO: [ app_end ] --START--
INFO: Run Behavior\ShowPageTraceBehavior [ RunTime:0.000420s ]
INFO: [ app_end ] --END-- [ RunTime:0.000457s ]

[ 2016-03-02T10:29:21+08:00 ] 127.0.0.1 /Home/index/notice/id/8
INFO: [ app_init ] --START--
INFO: Run Behavior\BuildLiteBehavior [ RunTime:0.000011s ]
INFO: [ app_init ] --END-- [ RunTime:0.000245s ]
INFO: [ app_begin ] --START--
INFO: Run Behavior\ReadHtmlCacheBehavior [ RunTime:0.000270s ]
INFO: [ app_begin ] --END-- [ RunTime:0.000300s ]
SQL: SHOW COLUMNS FROM `zmu_notice` [ RunTime:0.0097s ]
SQL: SELECT * FROM `zmu_notice` WHERE `id` = 8 LIMIT 1   [ RunTime:0.0004s ]
INFO: [ view_parse ] --START--
INFO: [ template_filter ] --START--
INFO: Run Behavior\ContentReplaceBehavior [ RunTime:0.000043s ]
INFO: [ template_filter ] --END-- [ RunTime:0.000088s ]
INFO: Run Behavior\ParseTemplateBehavior [ RunTime:0.006614s ]
INFO: [ view_parse ] --END-- [ RunTime:0.006661s ]
INFO: [ view_filter ] --START--
INFO: Run Behavior\WriteHtmlCacheBehavior [ RunTime:0.000129s ]
INFO: [ view_filter ] --END-- [ RunTime:0.000159s ]
INFO: [ app_end ] --START--
INFO: Run Behavior\ShowPageTraceBehavior [ RunTime:0.000383s ]
INFO: [ app_end ] --END-- [ RunTime:0.000417s ]

[ 2016-03-02T10:30:05+08:00 ] 127.0.0.1 /Home/Index/leave
INFO: [ app_init ] --START--
INFO: Run Behavior\BuildLiteBehavior [ RunTime:0.000013s ]
INFO: [ app_init ] --END-- [ RunTime:0.000311s ]
INFO: [ app_begin ] --START--
INFO: Run Behavior\ReadHtmlCacheBehavior [ RunTime:0.000347s ]
INFO: [ app_begin ] --END-- [ RunTime:0.000387s ]
SQL: SHOW COLUMNS FROM `zmu_leave` [ RunTime:0.0086s ]
SQL: INSERT INTO `zmu_leave` (`content`,`studyno`,`time`,`status`) VALUES ('fjhgjgfgjhgfjhfhfgjhfjfjhgfgjhfjhfjghfjh','1611013467','1456885805','0') [ RunTime:0.0006s ]

[ 2016-03-02T10:30:25+08:00 ] 127.0.0.1 /Home/Index/index
INFO: [ app_init ] --START--
INFO: Run Behavior\BuildLiteBehavior [ RunTime:0.000010s ]
INFO: [ app_init ] --END-- [ RunTime:0.000215s ]
INFO: [ app_begin ] --START--
INFO: Run Behavior\ReadHtmlCacheBehavior [ RunTime:0.000267s ]
INFO: [ app_begin ] --END-- [ RunTime:0.000296s ]
SQL: SHOW COLUMNS FROM `zmu_notice` [ RunTime:0.0095s ]
SQL: SELECT * FROM `zmu_notice` ORDER BY time DESC LIMIT 6   [ RunTime:0.0004s ]
SQL: SHOW COLUMNS FROM `zmu_student` [ RunTime:0.0020s ]
SQL: SELECT * FROM `zmu_student` WHERE `studyno` = '1611013467' LIMIT 1   [ RunTime:0.0005s ]
SQL: SHOW COLUMNS FROM `zmu_certificate` [ RunTime:0.0016s ]
SQL: SELECT * FROM `zmu_certificate` WHERE `studyno` = '1611013467'  [ RunTime:0.0004s ]
SQL: SHOW COLUMNS FROM `zmu_funding` [ RunTime:0.0015s ]
SQL: SELECT * FROM `zmu_funding` WHERE `studyno` = '1611013467'  [ RunTime:0.0003s ]
SQL: SHOW COLUMNS FROM `zmu_scholarship` [ RunTime:0.0010s ]
SQL: SELECT * FROM `zmu_scholarship` WHERE `studyno` = '1611013467'  [ RunTime:0.0003s ]
SQL: SHOW COLUMNS FROM `zmu_attendance` [ RunTime:0.0013s ]
SQL: SELECT * FROM `zmu_attendance` WHERE `studyno` = '1611013467' AND `status` <> 0  [ RunTime:0.0004s ]
SQL: SHOW COLUMNS FROM `zmu_leave` [ RunTime:0.0012s ]
SQL: SELECT * FROM `zmu_leave` WHERE `studyno` = '1611013467' ORDER BY time DESC LIMIT 6   [ RunTime:0.0003s ]
INFO: [ view_parse ] --START--
INFO: [ template_filter ] --START--
INFO: Run Behavior\ContentReplaceBehavior [ RunTime:0.000075s ]
INFO: [ template_filter ] --END-- [ RunTime:0.000137s ]
NOTIC: [8] Undefined index: name /Users/cyh/Desktop/zmu/Application/Runtime/Cache/Home/2a94b8bda04ff446dcedd42276fc99ee.php 第 314 行.
INFO: Run Behavior\ParseTemplateBehavior [ RunTime:0.015380s ]
INFO: [ view_parse ] --END-- [ RunTime:0.015420s ]
INFO: [ view_filter ] --START--
INFO: Run Behavior\WriteHtmlCacheBehavior [ RunTime:0.000156s ]
INFO: [ view_filter ] --END-- [ RunTime:0.000187s ]
INFO: [ app_end ] --START--
INFO: Run Behavior\ShowPageTraceBehavior [ RunTime:0.000461s ]
INFO: [ app_end ] --END-- [ RunTime:0.000506s ]

[ 2016-03-02T10:39:37+08:00 ] 127.0.0.1 /Application/Index/View/Public/images/companylogo.png
INFO: [ app_init ] --START--
INFO: Run Behavior\BuildLiteBehavior [ RunTime:0.000019s ]
INFO: [ app_init ] --END-- [ RunTime:0.000408s ]

[ 2016-03-02T10:39:53+08:00 ] 127.0.0.1 /Application/Index/View/Public/images/companylogo.png
INFO: [ app_init ] --START--
INFO: Run Behavior\BuildLiteBehavior [ RunTime:0.000019s ]
INFO: [ app_init ] --END-- [ RunTime:0.000352s ]

[ 2016-03-02T11:09:54+08:00 ] 127.0.0.1 /Application/Index/View/Public/images/companylogo.png
INFO: [ app_init ] --START--
INFO: Run Behavior\BuildLiteBehavior [ RunTime:0.000021s ]
INFO: [ app_init ] --END-- [ RunTime:0.000463s ]

[ 2016-03-02T15:29:50+08:00 ] 127.0.0.1 /Application/Index/View/Public/images/companylogo.png
INFO: [ app_init ] --START--
INFO: Run Behavior\BuildLiteBehavior [ RunTime:0.000011s ]
INFO: [ app_init ] --END-- [ RunTime:0.000243s ]

[ 2016-03-02T15:30:39+08:00 ] 127.0.0.1 /Application/Index/View/Public/images/companylogo.png
INFO: [ app_init ] --START--
INFO: Run Behavior\BuildLiteBehavior [ RunTime:0.000016s ]
INFO: [ app_init ] --END-- [ RunTime:0.000381s ]

[ 2016-03-02T15:30:50+08:00 ] 127.0.0.1 /Application/Index/View/Public/images/companylogo.png
INFO: [ app_init ] --START--
INFO: Run Behavior\BuildLiteBehavior [ RunTime:0.000016s ]
INFO: [ app_init ] --END-- [ RunTime:0.000335s ]

[ 2016-03-02T15:31:05+08:00 ] 127.0.0.1 /Home/Index/index
INFO: [ app_init ] --START--
INFO: Run Behavior\BuildLiteBehavior [ RunTime:0.000009s ]
INFO: [ app_init ] --END-- [ RunTime:0.000208s ]
INFO: [ app_begin ] --START--
INFO: Run Behavior\ReadHtmlCacheBehavior [ RunTime:0.000259s ]
INFO: [ app_begin ] --END-- [ RunTime:0.000287s ]
SQL: SHOW COLUMNS FROM `zmu_notice` [ RunTime:0.0013s ]
SQL: SELECT * FROM `zmu_notice` ORDER BY time DESC LIMIT 6   [ RunTime:0.0005s ]
SQL: SHOW COLUMNS FROM `zmu_student` [ RunTime:0.0016s ]
SQL: SELECT * FROM `zmu_student` WHERE `studyno` = '1611013467' LIMIT 1   [ RunTime:0.0003s ]
SQL: SHOW COLUMNS FROM `zmu_certificate` [ RunTime:0.0010s ]
SQL: SELECT * FROM `zmu_certificate` WHERE `studyno` = '1611013467'  [ RunTime:0.0003s ]
SQL: SHOW COLUMNS FROM `zmu_funding` [ RunTime:0.0011s ]
SQL: SELECT * FROM `zmu_funding` WHERE `studyno` = '1611013467'  [ RunTime:0.0003s ]
SQL: SHOW COLUMNS FROM `zmu_scholarship` [ RunTime:0.0011s ]
SQL: SELECT * FROM `zmu_scholarship` WHERE `studyno` = '1611013467'  [ RunTime:0.0004s ]
SQL: SHOW COLUMNS FROM `zmu_attendance` [ RunTime:0.0016s ]
SQL: SELECT * FROM `zmu_attendance` WHERE `studyno` = '1611013467' AND `status` <> 0  [ RunTime:0.0004s ]
SQL: SHOW COLUMNS FROM `zmu_leave` [ RunTime:0.0012s ]
SQL: SELECT * FROM `zmu_leave` WHERE `studyno` = '1611013467' ORDER BY time DESC LIMIT 6   [ RunTime:0.0004s ]
INFO: [ view_parse ] --START--
INFO: [ template_filter ] --START--
INFO: Run Behavior\ContentReplaceBehavior [ RunTime:0.000043s ]
INFO: [ template_filter ] --END-- [ RunTime:0.000081s ]
NOTIC: [8] Undefined index: name /Users/cyh/Desktop/zmu/Application/Runtime/Cache/Home/2a94b8bda04ff446dcedd42276fc99ee.php 第 314 行.
INFO: Run Behavior\ParseTemplateBehavior [ RunTime:0.014060s ]
INFO: [ view_parse ] --END-- [ RunTime:0.014100s ]
INFO: [ view_filter ] --START--
INFO: Run Behavior\WriteHtmlCacheBehavior [ RunTime:0.000119s ]
INFO: [ view_filter ] --END-- [ RunTime:0.000142s ]
INFO: [ app_end ] --START--
INFO: Run Behavior\ShowPageTraceBehavior [ RunTime:0.000382s ]
INFO: [ app_end ] --END-- [ RunTime:0.000420s ]

[ 2016-03-02T15:31:09+08:00 ] 127.0.0.1 /Home/index/notice/id/8
INFO: [ app_init ] --START--
INFO: Run Behavior\BuildLiteBehavior [ RunTime:0.000011s ]
INFO: [ app_init ] --END-- [ RunTime:0.000275s ]
INFO: [ app_begin ] --START--
INFO: Run Behavior\ReadHtmlCacheBehavior [ RunTime:0.000291s ]
INFO: [ app_begin ] --END-- [ RunTime:0.000323s ]
SQL: SHOW COLUMNS FROM `zmu_notice` [ RunTime:0.0012s ]
SQL: SELECT * FROM `zmu_notice` WHERE `id` = 8 LIMIT 1   [ RunTime:0.0003s ]
INFO: [ view_parse ] --START--
INFO: [ template_filter ] --START--
INFO: Run Behavior\ContentReplaceBehavior [ RunTime:0.000034s ]
INFO: [ template_filter ] --END-- [ RunTime:0.000069s ]
INFO: Run Behavior\ParseTemplateBehavior [ RunTime:0.004548s ]
INFO: [ view_parse ] --END-- [ RunTime:0.004585s ]
INFO: [ view_filter ] --START--
INFO: Run Behavior\WriteHtmlCacheBehavior [ RunTime:0.000095s ]
INFO: [ view_filter ] --END-- [ RunTime:0.000117s ]
INFO: [ app_end ] --START--
INFO: Run Behavior\ShowPageTraceBehavior [ RunTime:0.000286s ]
INFO: [ app_end ] --END-- [ RunTime:0.000312s ]

[ 2016-03-02T15:31:15+08:00 ] 127.0.0.1 /Home/index/notice/id/7
INFO: [ app_init ] --START--
INFO: Run Behavior\BuildLiteBehavior [ RunTime:0.000011s ]
INFO: [ app_init ] --END-- [ RunTime:0.000278s ]
INFO: [ app_begin ] --START--
INFO: Run Behavior\ReadHtmlCacheBehavior [ RunTime:0.000294s ]
INFO: [ app_begin ] --END-- [ RunTime:0.000326s ]
SQL: SHOW COLUMNS FROM `zmu_notice` [ RunTime:0.0018s ]
SQL: SELECT * FROM `zmu_notice` WHERE `id` = 7 LIMIT 1   [ RunTime:0.0005s ]
INFO: [ view_parse ] --START--
INFO: [ template_filter ] --START--
INFO: Run Behavior\ContentReplaceBehavior [ RunTime:0.000049s ]
INFO: [ template_filter ] --END-- [ RunTime:0.000101s ]
INFO: Run Behavior\ParseTemplateBehavior [ RunTime:0.005991s ]
INFO: [ view_parse ] --END-- [ RunTime:0.006039s ]
INFO: [ view_filter ] --START--
INFO: Run Behavior\WriteHtmlCacheBehavior [ RunTime:0.000137s ]
INFO: [ view_filter ] --END-- [ RunTime:0.000170s ]
INFO: [ app_end ] --START--
INFO: Run Behavior\ShowPageTraceBehavior [ RunTime:0.000395s ]
INFO: [ app_end ] --END-- [ RunTime:0.000428s ]

[ 2016-03-02T15:33:13+08:00 ] 127.0.0.1 /Application/Index/View/Public/images/companylogo.png
INFO: [ app_init ] --START--
INFO: Run Behavior\BuildLiteBehavior [ RunTime:0.000021s ]
INFO: [ app_init ] --END-- [ RunTime:0.000449s ]

[ 2016-03-02T15:33:18+08:00 ] 127.0.0.1 /Application/Index/View/Public/images/companylogo.png
INFO: [ app_init ] --START--
INFO: Run Behavior\BuildLiteBehavior [ RunTime:0.000016s ]
INFO: [ app_init ] --END-- [ RunTime:0.000392s ]

[ 2016-03-02T15:33:42+08:00 ] 127.0.0.1 /Application/Index/View/Public/images/companylogo.png
INFO: [ app_init ] --START--
INFO: Run Behavior\BuildLiteBehavior [ RunTime:0.000016s ]
INFO: [ app_init ] --END-- [ RunTime:0.000362s ]

[ 2016-03-02T15:33:51+08:00 ] 127.0.0.1 /Application/Index/View/Public/images/companylogo.png
INFO: [ app_init ] --START--
INFO: Run Behavior\BuildLiteBehavior [ RunTime:0.000017s ]
INFO: [ app_init ] --END-- [ RunTime:0.000408s ]

[ 2016-03-02T15:33:56+08:00 ] 127.0.0.1 /Application/Index/View/Public/images/companylogo.png
INFO: [ app_init ] --START--
INFO: Run Behavior\BuildLiteBehavior [ RunTime:0.000012s ]
INFO: [ app_init ] --END-- [ RunTime:0.000289s ]

