[ 2016-02-15T20:11:44+08:00 ] 127.0.0.1 /index.php/__MODULE__/View/Public/Css
INFO: [ app_init ] --START--
INFO: Run Behavior\BuildLiteBehavior [ RunTime:0.000016s ]
INFO: [ app_init ] --END-- [ RunTime:0.000302s ]
ERR: 无法加载模块:__MODULE__

[ 2016-02-15T20:11:48+08:00 ] 127.0.0.1 /index.php/__MODULE__/View/Public/Css
INFO: [ app_init ] --START--
INFO: Run Behavior\BuildLiteBehavior [ RunTime:0.000017s ]
INFO: [ app_init ] --END-- [ RunTime:0.000417s ]
ERR: 无法加载模块:__MODULE__

[ 2016-02-15T20:29:38+08:00 ] 127.0.0.1 /index.php/__URL__/View/Public/Css
INFO: [ app_init ] --START--
INFO: Run Behavior\BuildLiteBehavior [ RunTime:0.000017s ]
INFO: [ app_init ] --END-- [ RunTime:0.000401s ]
ERR: 无法加载模块:__URL__

[ 2016-02-15T20:31:41+08:00 ] 127.0.0.1 /index.php/APP_TMPL_PATH/View/Public/Css
INFO: [ app_init ] --START--
INFO: Run Behavior\BuildLiteBehavior [ RunTime:0.000017s ]
INFO: [ app_init ] --END-- [ RunTime:0.000485s ]
ERR: 无法加载模块:APP_TMPL_PATH

[ 2016-02-15T20:32:19+08:00 ] 127.0.0.1 /index.php/Application//View/Public/Css
INFO: [ app_init ] --START--
INFO: Run Behavior\BuildLiteBehavior [ RunTime:0.000018s ]
INFO: [ app_init ] --END-- [ RunTime:0.000424s ]
ERR: 无法加载模块:Application

[ 2016-02-15T20:32:48+08:00 ] 127.0.0.1 /index.php/ROOTAPP_NAME/View/Public/Css
INFO: [ app_init ] --START--
INFO: Run Behavior\BuildLiteBehavior [ RunTime:0.000018s ]
INFO: [ app_init ] --END-- [ RunTime:0.000402s ]
ERR: 无法加载模块:ROOTAPP_NAME

[ 2016-02-15T20:33:04+08:00 ] 127.0.0.1 /index.php/APP_NAME/View/Public/Css
INFO: [ app_init ] --START--
INFO: Run Behavior\BuildLiteBehavior [ RunTime:0.000012s ]
INFO: [ app_init ] --END-- [ RunTime:0.000248s ]
ERR: 无法加载模块:APP_NAME

[ 2016-02-15T20:33:07+08:00 ] 127.0.0.1 /index.php/APP_NAME/View/Public/Css
INFO: [ app_init ] --START--
INFO: Run Behavior\BuildLiteBehavior [ RunTime:0.000019s ]
INFO: [ app_init ] --END-- [ RunTime:0.000417s ]
ERR: 无法加载模块:APP_NAME

[ 2016-02-15T20:33:32+08:00 ] 127.0.0.1 /index.php/Application//View/Public/Css
INFO: [ app_init ] --START--
INFO: Run Behavior\BuildLiteBehavior [ RunTime:0.000017s ]
INFO: [ app_init ] --END-- [ RunTime:0.000386s ]
ERR: 无法加载模块:Application

[ 2016-02-15T20:35:59+08:00 ] 127.0.0.1 /index.php/__MODULE__/View/Public/Css
INFO: [ app_init ] --START--
INFO: Run Behavior\BuildLiteBehavior [ RunTime:0.000017s ]
INFO: [ app_init ] --END-- [ RunTime:0.000396s ]
ERR: 无法加载模块:__MODULE__

