[ 2016-03-16T09:45:44+08:00 ] 127.0.0.1 /Index/index/login
INFO: [ app_init ] --START--
INFO: Run Behavior\BuildLiteBehavior [ RunTime:0.000039s ]
INFO: [ app_init ] --END-- [ RunTime:0.003274s ]
NOTIC: [8] Use of undefined constant Application - assumed 'Application' /Users/cyh/Desktop/zmu/Application/Index/Conf/config.php 第 5 行.
INFO: [ app_begin ] --START--
INFO: Run Behavior\ReadHtmlCacheBehavior [ RunTime:0.001334s ]
INFO: [ app_begin ] --END-- [ RunTime:0.001456s ]
INFO: [ view_parse ] --START--
INFO: [ template_filter ] --START--
INFO: Run Behavior\ContentReplaceBehavior [ RunTime:0.000080s ]
INFO: [ template_filter ] --END-- [ RunTime:0.000182s ]
INFO: Run Behavior\ParseTemplateBehavior [ RunTime:0.011412s ]
INFO: [ view_parse ] --END-- [ RunTime:0.011532s ]
INFO: [ view_filter ] --START--
INFO: Run Behavior\WriteHtmlCacheBehavior [ RunTime:0.000888s ]
INFO: [ view_filter ] --END-- [ RunTime:0.000943s ]

[ 2016-03-16T09:45:47+08:00 ] 127.0.0.1 /Index/Index/index
INFO: [ app_init ] --START--
INFO: Run Behavior\BuildLiteBehavior [ RunTime:0.000030s ]
INFO: [ app_init ] --END-- [ RunTime:0.000399s ]
NOTIC: [8] Use of undefined constant Application - assumed 'Application' /Users/cyh/Desktop/zmu/Application/Index/Conf/config.php 第 5 行.
INFO: [ app_begin ] --START--
INFO: Run Behavior\ReadHtmlCacheBehavior [ RunTime:0.000351s ]
INFO: [ app_begin ] --END-- [ RunTime:0.000388s ]
INFO: [ view_parse ] --START--
INFO: [ template_filter ] --START--
INFO: Run Behavior\ContentReplaceBehavior [ RunTime:0.000049s ]
INFO: [ template_filter ] --END-- [ RunTime:0.000100s ]
NOTIC: [8] Undefined variable: v /Users/cyh/Desktop/zmu/Application/Runtime/Cache/Index/5f343310d4a83e1c2f6d4e5a6181e90a.php 第 116 行.
INFO: Run Behavior\ParseTemplateBehavior [ RunTime:0.005912s ]
INFO: [ view_parse ] --END-- [ RunTime:0.005959s ]
INFO: [ view_filter ] --START--
INFO: Run Behavior\WriteHtmlCacheBehavior [ RunTime:0.000272s ]
INFO: [ view_filter ] --END-- [ RunTime:0.000325s ]
INFO: [ app_end ] --START--
INFO: Run Behavior\ShowPageTraceBehavior [ RunTime:0.000821s ]
INFO: [ app_end ] --END-- [ RunTime:0.000871s ]

[ 2016-03-16T09:45:47+08:00 ] 127.0.0.1 /Index/index/verify
INFO: [ app_init ] --START--
INFO: Run Behavior\BuildLiteBehavior [ RunTime:0.000030s ]
INFO: [ app_init ] --END-- [ RunTime:0.000770s ]
NOTIC: [8] Use of undefined constant Application - assumed 'Application' /Users/cyh/Desktop/zmu/Application/Index/Conf/config.php 第 5 行.
INFO: [ app_begin ] --START--
INFO: Run Behavior\ReadHtmlCacheBehavior [ RunTime:0.000853s ]
INFO: [ app_begin ] --END-- [ RunTime:0.000966s ]
INFO: [ app_end ] --START--
INFO: Run Behavior\ShowPageTraceBehavior [ RunTime:0.000499s ]
INFO: [ app_end ] --END-- [ RunTime:0.000598s ]

[ 2016-03-16T09:45:47+08:00 ] 127.0.0.1 /Index/Index/images/logindownbg.png
INFO: [ app_init ] --START--
INFO: Run Behavior\BuildLiteBehavior [ RunTime:0.000023s ]
INFO: [ app_init ] --END-- [ RunTime:0.000569s ]
NOTIC: [8] Use of undefined constant Application - assumed 'Application' /Users/cyh/Desktop/zmu/Application/Index/Conf/config.php 第 5 行.

[ 2016-03-16T09:46:32+08:00 ] 127.0.0.1 /Index/index/login
INFO: [ app_init ] --START--
INFO: Run Behavior\BuildLiteBehavior [ RunTime:0.000017s ]
INFO: [ app_init ] --END-- [ RunTime:0.000423s ]
NOTIC: [8] Use of undefined constant Application - assumed 'Application' /Users/cyh/Desktop/zmu/Application/Index/Conf/config.php 第 5 行.
INFO: [ app_begin ] --START--
INFO: Run Behavior\ReadHtmlCacheBehavior [ RunTime:0.000387s ]
INFO: [ app_begin ] --END-- [ RunTime:0.000436s ]
SQL: SHOW COLUMNS FROM `zmu_user` [ RunTime:0.0111s ]
SQL: SELECT * FROM `zmu_user` WHERE `username` = '1611013467' AND `password` = 'e10adc3949ba59abbe56e057f20f883e' LIMIT 1   [ RunTime:0.0047s ]
SQL: UPDATE `zmu_user` SET `loginip`='127.0.0.1',`logintime`='1458092792' WHERE `id` = 9 [ RunTime:0.0112s ]

